CRITICAL - 2023-09-30 14:31:24 --> Invalid file: "index.php"
in SYSTEMPATH\Exceptions\FrameworkException.php on line 39.
 1 SYSTEMPATH\View\View.php(214): CodeIgniter\Exceptions\FrameworkException::forInvalidFile('index.php')
 2 SYSTEMPATH\Common.php(1188): CodeIgniter\View\View->render('index', [], true)
 3 APPPATH\Controllers\ProductController.php(33): view('index', [...])
 4 SYSTEMPATH\CodeIgniter.php(919): App\Controllers\ProductController->home()
 5 SYSTEMPATH\CodeIgniter.php(494): CodeIgniter\CodeIgniter->runController(Object(App\Controllers\ProductController))
 6 SYSTEMPATH\CodeIgniter.php(353): CodeIgniter\CodeIgniter->handleRequest(null, Object(Config\Cache), false)
 7 FCPATH\index.php(79): CodeIgniter\CodeIgniter->run()
 8 SYSTEMPATH\Commands\Server\rewrite.php(47): require_once('C:\\laragon\\www\\jencommers\\public\\index.php')
CRITICAL - 2023-09-30 14:49:56 --> syntax error, unexpected token ":", expecting ";"
in APPPATH\Views\inc\staff.php on line 63.
 1 SYSTEMPATH\View\View.php(229): CodeIgniter\View\View->CodeIgniter\View\{closure}()
 2 SYSTEMPATH\Common.php(1188): CodeIgniter\View\View->render('inc/staff', [], true)
 3 APPPATH\Views\jhome.php(7): view('inc/staff')
 4 SYSTEMPATH\View\View.php(226): include('C:\\laragon\\www\\jencommers\\app\\Views\\jhome.php')
 5 SYSTEMPATH\View\View.php(229): CodeIgniter\View\View->CodeIgniter\View\{closure}()
 6 SYSTEMPATH\Common.php(1188): CodeIgniter\View\View->render('jhome', [], true)
 7 APPPATH\Controllers\ProductController.php(33): view('jhome', [...])
 8 SYSTEMPATH\CodeIgniter.php(919): App\Controllers\ProductController->home()
 9 SYSTEMPATH\CodeIgniter.php(494): CodeIgniter\CodeIgniter->runController(Object(App\Controllers\ProductController))
10 SYSTEMPATH\CodeIgniter.php(353): CodeIgniter\CodeIgniter->handleRequest(null, Object(Config\Cache), false)
11 FCPATH\index.php(79): CodeIgniter\CodeIgniter->run()
12 SYSTEMPATH\Commands\Server\rewrite.php(47): require_once('C:\\laragon\\www\\jencommers\\public\\index.php')
CRITICAL - 2023-09-30 15:15:57 --> syntax error, unexpected token "endforeach", expecting end of file
in APPPATH\Views\inc\staff.php on line 63.
 1 SYSTEMPATH\View\View.php(229): CodeIgniter\View\View->CodeIgniter\View\{closure}()
 2 SYSTEMPATH\Common.php(1188): CodeIgniter\View\View->render('inc/staff', [], true)
 3 APPPATH\Views\jhome.php(7): view('inc/staff')
 4 SYSTEMPATH\View\View.php(226): include('C:\\laragon\\www\\jencommers\\app\\Views\\jhome.php')
 5 SYSTEMPATH\View\View.php(229): CodeIgniter\View\View->CodeIgniter\View\{closure}()
 6 SYSTEMPATH\Common.php(1188): CodeIgniter\View\View->render('jhome', [], true)
 7 APPPATH\Controllers\ProductController.php(33): view('jhome', [...])
 8 SYSTEMPATH\CodeIgniter.php(919): App\Controllers\ProductController->home()
 9 SYSTEMPATH\CodeIgniter.php(494): CodeIgniter\CodeIgniter->runController(Object(App\Controllers\ProductController))
10 SYSTEMPATH\CodeIgniter.php(353): CodeIgniter\CodeIgniter->handleRequest(null, Object(Config\Cache), false)
11 FCPATH\index.php(79): CodeIgniter\CodeIgniter->run()
12 SYSTEMPATH\Commands\Server\rewrite.php(47): require_once('C:\\laragon\\www\\jencommers\\public\\index.php')
CRITICAL - 2023-09-30 15:16:50 --> syntax error, unexpected token "endforeach", expecting end of file
in APPPATH\Views\inc\staff.php on line 63.
 1 SYSTEMPATH\View\View.php(229): CodeIgniter\View\View->CodeIgniter\View\{closure}()
 2 SYSTEMPATH\Common.php(1188): CodeIgniter\View\View->render('inc/staff', [], true)
 3 APPPATH\Views\jhome.php(7): view('inc/staff')
 4 SYSTEMPATH\View\View.php(226): include('C:\\laragon\\www\\jencommers\\app\\Views\\jhome.php')
 5 SYSTEMPATH\View\View.php(229): CodeIgniter\View\View->CodeIgniter\View\{closure}()
 6 SYSTEMPATH\Common.php(1188): CodeIgniter\View\View->render('jhome', [], true)
 7 APPPATH\Controllers\ProductController.php(33): view('jhome', [...])
 8 SYSTEMPATH\CodeIgniter.php(919): App\Controllers\ProductController->home()
 9 SYSTEMPATH\CodeIgniter.php(494): CodeIgniter\CodeIgniter->runController(Object(App\Controllers\ProductController))
10 SYSTEMPATH\CodeIgniter.php(353): CodeIgniter\CodeIgniter->handleRequest(null, Object(Config\Cache), false)
11 FCPATH\index.php(79): CodeIgniter\CodeIgniter->run()
12 SYSTEMPATH\Commands\Server\rewrite.php(47): require_once('C:\\laragon\\www\\jencommers\\public\\index.php')
CRITICAL - 2023-09-30 15:18:24 --> syntax error, unexpected token ":", expecting ";"
in APPPATH\Views\inc\staff.php on line 63.
 1 SYSTEMPATH\View\View.php(229): CodeIgniter\View\View->CodeIgniter\View\{closure}()
 2 SYSTEMPATH\Common.php(1188): CodeIgniter\View\View->render('inc/staff', [], true)
 3 APPPATH\Views\jhome.php(7): view('inc/staff')
 4 SYSTEMPATH\View\View.php(226): include('C:\\laragon\\www\\jencommers\\app\\Views\\jhome.php')
 5 SYSTEMPATH\View\View.php(229): CodeIgniter\View\View->CodeIgniter\View\{closure}()
 6 SYSTEMPATH\Common.php(1188): CodeIgniter\View\View->render('jhome', [], true)
 7 APPPATH\Controllers\ProductController.php(33): view('jhome', [...])
 8 SYSTEMPATH\CodeIgniter.php(919): App\Controllers\ProductController->home()
 9 SYSTEMPATH\CodeIgniter.php(494): CodeIgniter\CodeIgniter->runController(Object(App\Controllers\ProductController))
10 SYSTEMPATH\CodeIgniter.php(353): CodeIgniter\CodeIgniter->handleRequest(null, Object(Config\Cache), false)
11 FCPATH\index.php(79): CodeIgniter\CodeIgniter->run()
12 SYSTEMPATH\Commands\Server\rewrite.php(47): require_once('C:\\laragon\\www\\jencommers\\public\\index.php')
CRITICAL - 2023-09-30 15:21:05 --> syntax error, unexpected token "endforeach", expecting end of file
in APPPATH\Views\inc\staff.php on line 63.
 1 SYSTEMPATH\View\View.php(229): CodeIgniter\View\View->CodeIgniter\View\{closure}()
 2 SYSTEMPATH\Common.php(1188): CodeIgniter\View\View->render('inc/staff', [], true)
 3 APPPATH\Views\jhome.php(7): view('inc/staff')
 4 SYSTEMPATH\View\View.php(226): include('C:\\laragon\\www\\jencommers\\app\\Views\\jhome.php')
 5 SYSTEMPATH\View\View.php(229): CodeIgniter\View\View->CodeIgniter\View\{closure}()
 6 SYSTEMPATH\Common.php(1188): CodeIgniter\View\View->render('jhome', [], true)
 7 APPPATH\Controllers\ProductController.php(33): view('jhome', [...])
 8 SYSTEMPATH\CodeIgniter.php(919): App\Controllers\ProductController->home()
 9 SYSTEMPATH\CodeIgniter.php(494): CodeIgniter\CodeIgniter->runController(Object(App\Controllers\ProductController))
10 SYSTEMPATH\CodeIgniter.php(353): CodeIgniter\CodeIgniter->handleRequest(null, Object(Config\Cache), false)
11 FCPATH\index.php(79): CodeIgniter\CodeIgniter->run()
12 SYSTEMPATH\Commands\Server\rewrite.php(47): require_once('C:\\laragon\\www\\jencommers\\public\\index.php')
CRITICAL - 2023-09-30 15:25:18 --> Undefined variable $products
in APPPATH\Views\inc\staff.php on line 42.
 1 APPPATH\Views\inc\staff.php(42): CodeIgniter\Debug\Exceptions->errorHandler(2, 'Undefined variable $products', 'C:\\laragon\\www\\jencommers\\app\\Views\\inc\\staff.php', 42)
 2 SYSTEMPATH\View\View.php(226): include('C:\\laragon\\www\\jencommers\\app\\Views\\inc\\staff.php')
 3 SYSTEMPATH\View\View.php(229): CodeIgniter\View\View->CodeIgniter\View\{closure}()
 4 SYSTEMPATH\Common.php(1188): CodeIgniter\View\View->render('inc/staff', [], true)
 5 APPPATH\Views\jhome.php(7): view('inc/staff')
 6 SYSTEMPATH\View\View.php(226): include('C:\\laragon\\www\\jencommers\\app\\Views\\jhome.php')
 7 SYSTEMPATH\View\View.php(229): CodeIgniter\View\View->CodeIgniter\View\{closure}()
 8 SYSTEMPATH\Common.php(1188): CodeIgniter\View\View->render('jhome', [], true)
 9 APPPATH\Controllers\ProductController.php(33): view('jhome', [...])
10 SYSTEMPATH\CodeIgniter.php(919): App\Controllers\ProductController->home()
11 SYSTEMPATH\CodeIgniter.php(494): CodeIgniter\CodeIgniter->runController(Object(App\Controllers\ProductController))
12 SYSTEMPATH\CodeIgniter.php(353): CodeIgniter\CodeIgniter->handleRequest(null, Object(Config\Cache), false)
13 FCPATH\index.php(79): CodeIgniter\CodeIgniter->run()
14 SYSTEMPATH\Commands\Server\rewrite.php(47): require_once('C:\\laragon\\www\\jencommers\\public\\index.php')
CRITICAL - 2023-09-30 15:26:10 --> Undefined variable $item
in APPPATH\Views\inc\staff.php on line 42.
 1 APPPATH\Views\inc\staff.php(42): CodeIgniter\Debug\Exceptions->errorHandler(2, 'Undefined variable $item', 'C:\\laragon\\www\\jencommers\\app\\Views\\inc\\staff.php', 42)
 2 SYSTEMPATH\View\View.php(226): include('C:\\laragon\\www\\jencommers\\app\\Views\\inc\\staff.php')
 3 SYSTEMPATH\View\View.php(229): CodeIgniter\View\View->CodeIgniter\View\{closure}()
 4 SYSTEMPATH\Common.php(1188): CodeIgniter\View\View->render('inc/staff', [], true)
 5 APPPATH\Views\jhome.php(7): view('inc/staff')
 6 SYSTEMPATH\View\View.php(226): include('C:\\laragon\\www\\jencommers\\app\\Views\\jhome.php')
 7 SYSTEMPATH\View\View.php(229): CodeIgniter\View\View->CodeIgniter\View\{closure}()
 8 SYSTEMPATH\Common.php(1188): CodeIgniter\View\View->render('jhome', [], true)
 9 APPPATH\Controllers\ProductController.php(33): view('jhome', [...])
10 SYSTEMPATH\CodeIgniter.php(919): App\Controllers\ProductController->home()
11 SYSTEMPATH\CodeIgniter.php(494): CodeIgniter\CodeIgniter->runController(Object(App\Controllers\ProductController))
12 SYSTEMPATH\CodeIgniter.php(353): CodeIgniter\CodeIgniter->handleRequest(null, Object(Config\Cache), false)
13 FCPATH\index.php(79): CodeIgniter\CodeIgniter->run()
14 SYSTEMPATH\Commands\Server\rewrite.php(47): require_once('C:\\laragon\\www\\jencommers\\public\\index.php')
CRITICAL - 2023-09-30 15:26:27 --> Undefined variable $product
in APPPATH\Views\inc\staff.php on line 42.
 1 APPPATH\Views\inc\staff.php(42): CodeIgniter\Debug\Exceptions->errorHandler(2, 'Undefined variable $product', 'C:\\laragon\\www\\jencommers\\app\\Views\\inc\\staff.php', 42)
 2 SYSTEMPATH\View\View.php(226): include('C:\\laragon\\www\\jencommers\\app\\Views\\inc\\staff.php')
 3 SYSTEMPATH\View\View.php(229): CodeIgniter\View\View->CodeIgniter\View\{closure}()
 4 SYSTEMPATH\Common.php(1188): CodeIgniter\View\View->render('inc/staff', [], true)
 5 APPPATH\Views\jhome.php(7): view('inc/staff')
 6 SYSTEMPATH\View\View.php(226): include('C:\\laragon\\www\\jencommers\\app\\Views\\jhome.php')
 7 SYSTEMPATH\View\View.php(229): CodeIgniter\View\View->CodeIgniter\View\{closure}()
 8 SYSTEMPATH\Common.php(1188): CodeIgniter\View\View->render('jhome', [], true)
 9 APPPATH\Controllers\ProductController.php(33): view('jhome', [...])
10 SYSTEMPATH\CodeIgniter.php(919): App\Controllers\ProductController->home()
11 SYSTEMPATH\CodeIgniter.php(494): CodeIgniter\CodeIgniter->runController(Object(App\Controllers\ProductController))
12 SYSTEMPATH\CodeIgniter.php(353): CodeIgniter\CodeIgniter->handleRequest(null, Object(Config\Cache), false)
13 FCPATH\index.php(79): CodeIgniter\CodeIgniter->run()
14 SYSTEMPATH\Commands\Server\rewrite.php(47): require_once('C:\\laragon\\www\\jencommers\\public\\index.php')
CRITICAL - 2023-09-30 15:29:04 --> Undefined variable $products
in APPPATH\Views\inc\staff.php on line 42.
 1 APPPATH\Views\inc\staff.php(42): CodeIgniter\Debug\Exceptions->errorHandler(2, 'Undefined variable $products', 'C:\\laragon\\www\\jencommers\\app\\Views\\inc\\staff.php', 42)
 2 SYSTEMPATH\View\View.php(226): include('C:\\laragon\\www\\jencommers\\app\\Views\\inc\\staff.php')
 3 SYSTEMPATH\View\View.php(229): CodeIgniter\View\View->CodeIgniter\View\{closure}()
 4 SYSTEMPATH\Common.php(1188): CodeIgniter\View\View->render('inc/staff', [], true)
 5 APPPATH\Views\jhome.php(7): view('inc/staff')
 6 SYSTEMPATH\View\View.php(226): include('C:\\laragon\\www\\jencommers\\app\\Views\\jhome.php')
 7 SYSTEMPATH\View\View.php(229): CodeIgniter\View\View->CodeIgniter\View\{closure}()
 8 SYSTEMPATH\Common.php(1188): CodeIgniter\View\View->render('jhome', [], true)
 9 APPPATH\Controllers\ProductController.php(33): view('jhome', [...])
10 SYSTEMPATH\CodeIgniter.php(919): App\Controllers\ProductController->home()
11 SYSTEMPATH\CodeIgniter.php(494): CodeIgniter\CodeIgniter->runController(Object(App\Controllers\ProductController))
12 SYSTEMPATH\CodeIgniter.php(353): CodeIgniter\CodeIgniter->handleRequest(null, Object(Config\Cache), false)
13 FCPATH\index.php(79): CodeIgniter\CodeIgniter->run()
14 SYSTEMPATH\Commands\Server\rewrite.php(47): require_once('C:\\laragon\\www\\jencommers\\public\\index.php')
CRITICAL - 2023-09-30 16:10:08 --> Undefined constant "This"
in APPPATH\Views\jhome.php on line 2.
 1 SYSTEMPATH\View\View.php(226): include()
 2 SYSTEMPATH\View\View.php(229): CodeIgniter\View\View->CodeIgniter\View\{closure}()
 3 SYSTEMPATH\Common.php(1188): CodeIgniter\View\View->render('jhome', [], true)
 4 APPPATH\Controllers\ProductController.php(33): view('jhome', [...])
 5 SYSTEMPATH\CodeIgniter.php(919): App\Controllers\ProductController->home()
 6 SYSTEMPATH\CodeIgniter.php(494): CodeIgniter\CodeIgniter->runController(Object(App\Controllers\ProductController))
 7 SYSTEMPATH\CodeIgniter.php(353): CodeIgniter\CodeIgniter->handleRequest(null, Object(Config\Cache), false)
 8 FCPATH\index.php(79): CodeIgniter\CodeIgniter->run()
 9 SYSTEMPATH\Commands\Server\rewrite.php(47): require_once('C:\\laragon\\www\\jencommers\\public\\index.php')
CRITICAL - 2023-09-30 16:11:51 --> Invalid file: "jhome.php"
in SYSTEMPATH\Exceptions\FrameworkException.php on line 39.
 1 SYSTEMPATH\View\View.php(214): CodeIgniter\Exceptions\FrameworkException::forInvalidFile('jhome.php')
 2 SYSTEMPATH\Common.php(1188): CodeIgniter\View\View->render('jhome', [], true)
 3 APPPATH\Controllers\ProductController.php(33): view('jhome', [...])
 4 SYSTEMPATH\CodeIgniter.php(919): App\Controllers\ProductController->home()
 5 SYSTEMPATH\CodeIgniter.php(494): CodeIgniter\CodeIgniter->runController(Object(App\Controllers\ProductController))
 6 SYSTEMPATH\CodeIgniter.php(353): CodeIgniter\CodeIgniter->handleRequest(null, Object(Config\Cache), false)
 7 FCPATH\index.php(79): CodeIgniter\CodeIgniter->run()
 8 SYSTEMPATH\Commands\Server\rewrite.php(47): require_once('C:\\laragon\\www\\jencommers\\public\\index.php')
